# JRE version: OpenJDK Runtime Environment Corretto-11.0.11.9.1 (11.0.11+9) (build 11.0.11+9-LTS)
# Java VM: OpenJDK 64-Bit Server VM Corretto-11.0.11.9.1 (11.0.11+9-LTS, mixed mode, tiered, compressed oops, g1 gc, linux-amd64)
Heap:
 garbage-first heap   total 1105920K, used 306881K [0x000000058f600000, 0x0000000800000000)
  region size 2048K, 57 young (116736K), 8 survivors (16384K)
 Metaspace       used 19251K, capacity 19499K, committed 19968K, reserved 1067008K
  class space    used 1366K, capacity 1462K, committed 1536K, reserved 1048576K
GC Heap History (14 events):
Event: 0.596 GC heap before
{Heap before GC invocations=0 (full 0):
 garbage-first heap   total 641024K, used 34816K [0x000000058f600000, 0x0000000800000000)
  region size 2048K, 15 young (30720K), 0 survivors (0K)
 Metaspace       used 14691K, capacity 14943K, committed 15104K, reserved 1062912K
  class space    used 1172K, capacity 1263K, committed 1280K, reserved 1048576K
}
Event: 0.599 GC heap after
{Heap after GC invocations=1 (full 0):
 garbage-first heap   total 641024K, used 12062K [0x000000058f600000, 0x0000000800000000)
  region size 2048K, 2 young (4096K), 2 survivors (4096K)
 Metaspace       used 14691K, capacity 14943K, committed 15104K, reserved 1062912K
  class space    used 1172K, capacity 1263K, committed 1280K, reserved 1048576K
}
Event: 0.963 GC heap before
{Heap before GC invocations=1 (full 0):
 garbage-first heap   total 641024K, used 270110K [0x000000058f600000, 0x0000000800000000)
  region size 2048K, 125 young (256000K), 2 survivors (4096K)
 Metaspace       used 14982K, capacity 15199K, committed 15360K, reserved 1062912K
  class space    used 1182K, capacity 1263K, committed 1280K, reserved 1048576K
}
Event: 0.973 GC heap after
{Heap after GC invocations=2 (full 0):
 garbage-first heap   total 641024K, used 26365K [0x000000058f600000, 0x0000000800000000)
  region size 2048K, 6 young (12288K), 6 survivors (12288K)
 Metaspace       used 14982K, capacity 15199K, committed 15360K, reserved 1062912K
  class space    used 1182K, capacity 1263K, committed 1280K, reserved 1048576K
}
Event: 1.099 GC heap before
{Heap before GC invocations=2 (full 0):
 garbage-first heap   total 641024K, used 155389K [0x000000058f600000, 0x0000000800000000)
  region size 2048K, 66 young (135168K), 6 survivors (12288K)
 Metaspace       used 14982K, capacity 15199K, committed 15360K, reserved 1062912K
  class space    used 1182K, capacity 1263K, committed 1280K, reserved 1048576K
}
Event: 1.118 GC heap after
{Heap after GC invocations=3 (full 0):
 garbage-first heap   total 641024K, used 39371K [0x000000058f600000, 0x0000000800000000)
  region size 2048K, 8 young (16384K), 8 survivors (16384K)
 Metaspace       used 14982K, capacity 15199K, committed 15360K, reserved 1062912K
  class space    used 1182K, capacity 1263K, committed 1280K, reserved 1048576K
}
Event: 1.208 GC heap before
{Heap before GC invocations=3 (full 0):
 garbage-first heap   total 641024K, used 145867K [0x000000058f600000, 0x0000000800000000)
  region size 2048K, 57 young (116736K), 8 survivors (16384K)
 Metaspace       used 15304K, capacity 15500K, committed 15744K, reserved 1062912K
  class space    used 1209K, capacity 1298K, committed 1408K, reserved 1048576K
}
Event: 1.225 GC heap after
{Heap after GC invocations=4 (full 0):
 garbage-first heap   total 641024K, used 51879K [0x000000058f600000, 0x0000000800000000)
  region size 2048K, 7 young (14336K), 7 survivors (14336K)
 Metaspace       used 15304K, capacity 15500K, committed 15744K, reserved 1062912K
  class space    used 1209K, capacity 1298K, committed 1408K, reserved 1048576K
}
Event: 1.387 GC heap before
{Heap before GC invocations=4 (full 0):
 garbage-first heap   total 641024K, used 191143K [0x000000058f600000, 0x0000000800000000)
  region size 2048K, 69 young (141312K), 7 survivors (14336K)
 Metaspace       used 15322K, capacity 15564K, committed 15744K, reserved 1062912K
  class space    used 1209K, capacity 1298K, committed 1408K, reserved 1048576K
}
Event: 1.408 GC heap after
{Heap after GC invocations=5 (full 0):
 garbage-first heap   total 641024K, used 78467K [0x000000058f600000, 0x0000000800000000)
  region size 2048K, 9 young (18432K), 9 survivors (18432K)
 Metaspace       used 15322K, capacity 15564K, committed 15744K, reserved 1062912K
  class space    used 1209K, capacity 1298K, committed 1408K, reserved 1048576K
}
Event: 1.563 GC heap before
{Heap before GC invocations=5 (full 0):
 garbage-first heap   total 641024K, used 244355K [0x000000058f600000, 0x0000000800000000)
  region size 2048K, 73 young (149504K), 9 survivors (18432K)
 Metaspace       used 15322K, capacity 15564K, committed 15744K, reserved 1062912K
  class space    used 1209K, capacity 1298K, committed 1408K, reserved 1048576K
}
Event: 1.601 GC heap after
{Heap after GC invocations=6 (full 0):
 garbage-first heap   total 1105920K, used 127127K [0x000000058f600000, 0x0000000800000000)
  region size 2048K, 8 young (16384K), 8 survivors (16384K)
 Metaspace       used 15322K, capacity 15564K, committed 15744K, reserved 1062912K
  class space    used 1209K, capacity 1298K, committed 1408K, reserved 1048576K
}
Event: 1.835 GC heap before
{Heap before GC invocations=6 (full 0):
 garbage-first heap   total 1105920K, used 299159K [0x000000058f600000, 0x0000000800000000)
  region size 2048K, 79 young (161792K), 8 survivors (16384K)
 Metaspace       used 15322K, capacity 15564K, committed 15744K, reserved 1062912K
  class space    used 1209K, capacity 1298K, committed 1408K, reserved 1048576K
}
Event: 1.858 GC heap after
{Heap after GC invocations=7 (full 0):
 garbage-first heap   total 1105920K, used 169665K [0x000000058f600000, 0x0000000800000000)
  region size 2048K, 8 young (16384K), 8 survivors (16384K)
 Metaspace       used 15322K, capacity 15564K, committed 15744K, reserved 1062912K
  class space    used 1209K, capacity 1298K, committed 1408K, reserved 1048576K
}

